<?xml version="1.0" encoding="UTF-8"?>
<testng-results skipped="0" failed="0" ignored="0" total="1" passed="1">
  <reporter-output>
  </reporter-output>
  <suite name="Default suite" duration-ms="14794" started-at="2021-06-22T20:29:09 CDT" finished-at="2021-06-22T20:29:24 CDT">
    <groups>
      <group name="cucumber">
        <method signature="AbstractTestNGCucumberTests.runScenario(cucumber.api.testng.PickleEventWrapper, cucumber.api.testng.CucumberFeatureWrapper)[pri:0, instance:curso.bdd.cucumber.runner.LoginRunner@1f554b06]" name="runScenario" class="cucumber.api.testng.AbstractTestNGCucumberTests"/>
      </group> <!-- cucumber -->
    </groups>
    <test name="Default test" duration-ms="14794" started-at="2021-06-22T20:29:09 CDT" finished-at="2021-06-22T20:29:24 CDT">
      <class name="curso.bdd.cucumber.runner.LoginRunner">
        <test-method status="PASS" signature="setUpClass()[pri:0, instance:curso.bdd.cucumber.runner.LoginRunner@1f554b06]" name="setUpClass" is-config="true" duration-ms="157" started-at="2021-06-22T20:29:09 CDT" finished-at="2021-06-22T20:29:09 CDT">
          <reporter-output>
          </reporter-output>
        </test-method> <!-- setUpClass -->
        <test-method status="PASS" signature="runScenario(cucumber.api.testng.PickleEventWrapper, cucumber.api.testng.CucumberFeatureWrapper)[pri:0, instance:curso.bdd.cucumber.runner.LoginRunner@1f554b06]" name="runScenario" duration-ms="14537" started-at="2021-06-22T20:29:09 CDT" description="Runs Cucumber Scenarios" data-provider="scenarios" finished-at="2021-06-22T20:29:24 CDT">
          <params>
            <param index="0">
              <value>
                <![CDATA["Autenticarse con las credenciales correctas"]]>
              </value>
            </param>
            <param index="1">
              <value>
                <![CDATA["Validar el ingreso al sistema"]]>
              </value>
            </param>
          </params>
          <reporter-output>
          </reporter-output>
        </test-method> <!-- runScenario -->
        <test-method status="PASS" signature="tearDownClass()[pri:0, instance:curso.bdd.cucumber.runner.LoginRunner@1f554b06]" name="tearDownClass" is-config="true" duration-ms="8" started-at="2021-06-22T20:29:24 CDT" finished-at="2021-06-22T20:29:24 CDT">
          <reporter-output>
          </reporter-output>
        </test-method> <!-- tearDownClass -->
      </class> <!-- curso.bdd.cucumber.runner.LoginRunner -->
    </test> <!-- Default test -->
  </suite> <!-- Default suite -->
</testng-results>
